<?xml version="1.0" encoding="UTF-8"?>
<!-- Generated by org.testng.reporters.JUnitReportReporter -->
<testsuite hostname="LAPTOP-UKVPBA52" failures="0" tests="1" name="TestClassPackage.post_Tc_2" time="1.537" errors="0" timestamp="2023-05-23T17:56:20 IST" skipped="0">
  <testcase classname="TestClassPackage.post_Tc_2" name="execute" time="1.537"/>
  <system-out/>
</testsuite> <!-- TestClassPackage.post_Tc_2 -->
